
> my-v0-project@3.7.0 build C:\Users\upris\Downloads\Outreach System\b_9I1OHOMAYQi-1773971072321
> next build

[@sentry/nextjs] DEPRECATION WARNING: disableLogger is deprecated and will be removed in a future version. Use webpack.treeshake.removeDebugLogging instead.
  Ôû▓ Next.js 14.2.25
  - Environments: .env.local
  - Experiments (use with caution):
    ┬À instrumentationHook

   Creating an optimized production build ...
[@sentry/nextjs] It appears you've configured a `sentry.server.config.ts` file. Please ensure to put this file's content into the `register()` function of a Next.js instrumentation file instead. To ensure correct functionality of the SDK, `Sentry.init` must be called inside of an instrumentation file. Learn more about setting up an instrumentation file in Next.js: https://nextjs.org/docs/app/building-your-application/optimizing/instrumentation. You can safely delete the `sentry.server.config.ts` file afterward.
[@sentry/nextjs] It seems like you don't have a global error handler set up. It is recommended that you add a 'global-error.js' file with Sentry instrumentation so that React rendering errors are reported to Sentry. Read more: https://docs.sentry.io/platforms/javascript/guides/nextjs/manual-setup/#react-render-errors-in-app-router (you can suppress this warning by setting SENTRY_SUPPRESS_GLOBAL_ERROR_HANDLER_FILE_WARNING=1 as environment variable)
[@sentry/nextjs] It appears you've configured a `sentry.edge.config.ts` file. Please ensure to put this file's content into the `register()` function of a Next.js instrumentation file instead. To ensure correct functionality of the SDK, `Sentry.init` must be called inside of an instrumentation file. Learn more about setting up an instrumentation file in Next.js: https://nextjs.org/docs/app/building-your-application/optimizing/instrumentation. You can safely delete the `sentry.edge.config.ts` file afterward.
[@sentry/nextjs] DEPRECATION WARNING: It is recommended renaming your `sentry.client.config.ts` file, or moving its content to `instrumentation-client.ts`. When using Turbopack `sentry.client.config.ts` will no longer work. Read more about the `instrumentation-client.ts` file: https://nextjs.org/docs/app/api-reference/file-conventions/instrumentation-client
 ÔÜá Compiled with warnings

   Skipping validation of types
   Linting ...
./node_modules/.pnpm/apify-client@2.22.2/node_modules/apify-client/dist/utils.js
Critical dependency: the request of a dependency is an expression

Import trace for requested module:
./node_modules/.pnpm/apify-client@2.22.2/node_modules/apify-client/dist/utils.js
./node_modules/.pnpm/apify-client@2.22.2/node_modules/apify-client/dist/resource_clients/actor.js
./node_modules/.pnpm/apify-client@2.22.2/node_modules/apify-client/dist/index.js
./node_modules/.pnpm/apify-client@2.22.2/node_modules/apify-client/dist/index.mjs
./lib/apify.ts
./app/api/scrape/route.ts

   Collecting page data ...
   Generating static pages (0/46) ...
   Generating static pages (11/46) 
   Generating static pages (22/46) 
 Ô¿» useSearchParams() should be wrapped in a suspense boundary at page "/login". Read more: https://nextjs.org/docs/messages/missing-suspense-with-csr-bailout
    at l (C:\Users\upris\Downloads\Outreach System\b_9I1OHOMAYQi-1773971072321\.next\server\chunks\4463.js:1:11320)
    at c (C:\Users\upris\Downloads\Outreach System\b_9I1OHOMAYQi-1773971072321\.next\server\chunks\4463.js:1:22300)
    at c (C:\Users\upris\Downloads\Outreach System\b_9I1OHOMAYQi-1773971072321\.next\server\app\login\page.js:1:3477)
    at nj (C:\Users\upris\Downloads\Outreach System\b_9I1OHOMAYQi-1773971072321\node_modules\.pnpm\next@14.2.25_@babel+core@7._17224467e37d71c33b25cc4a8fef544f\node_modules\next\dist\compiled\next-server\app-page.runtime.prod.js:12:46252)
    at nM (C:\Users\upris\Downloads\Outreach System\b_9I1OHOMAYQi-1773971072321\node_modules\.pnpm\next@14.2.25_@babel+core@7._17224467e37d71c33b25cc4a8fef544f\node_modules\next\dist\compiled\next-server\app-page.runtime.prod.js:12:47572)
    at nN (C:\Users\upris\Downloads\Outreach System\b_9I1OHOMAYQi-1773971072321\node_modules\.pnpm\next@14.2.25_@babel+core@7._17224467e37d71c33b25cc4a8fef544f\node_modules\next\dist\compiled\next-server\app-page.runtime.prod.js:12:64547)
    at nI (C:\Users\upris\Downloads\Outreach System\b_9I1OHOMAYQi-1773971072321\node_modules\.pnpm\next@14.2.25_@babel+core@7._17224467e37d71c33b25cc4a8fef544f\node_modules\next\dist\compiled\next-server\app-page.runtime.prod.js:12:47011)
    at nM (C:\Users\upris\Downloads\Outreach System\b_9I1OHOMAYQi-1773971072321\node_modules\.pnpm\next@14.2.25_@babel+core@7._17224467e37d71c33b25cc4a8fef544f\node_modules\next\dist\compiled\next-server\app-page.runtime.prod.js:12:47718)
    at nM (C:\Users\upris\Downloads\Outreach System\b_9I1OHOMAYQi-1773971072321\node_modules\.pnpm\next@14.2.25_@babel+core@7._17224467e37d71c33b25cc4a8fef544f\node_modules\next\dist\compiled\next-server\app-page.runtime.prod.js:12:61547)
    at nN (C:\Users\upris\Downloads\Outreach System\b_9I1OHOMAYQi-1773971072321\node_modules\.pnpm\next@14.2.25_@babel+core@7._17224467e37d71c33b25cc4a8fef544f\node_modules\next\dist\compiled\next-server\app-page.runtime.prod.js:12:64547)

Error occurred prerendering page "/login". Read more: https://nextjs.org/docs/messages/prerender-error

   Generating static pages (34/46) 
ReferenceError: status is not defined
    at p (C:\Users\upris\Downloads\Outreach System\b_9I1OHOMAYQi-1773971072321\.next\server\app\dashboard\planning\page.js:1:8785)
    at nj (C:\Users\upris\Downloads\Outreach System\b_9I1OHOMAYQi-1773971072321\node_modules\.pnpm\next@14.2.25_@babel+core@7._17224467e37d71c33b25cc4a8fef544f\node_modules\next\dist\compiled\next-server\app-page.runtime.prod.js:12:46252)
    at nM (C:\Users\upris\Downloads\Outreach System\b_9I1OHOMAYQi-1773971072321\node_modules\.pnpm\next@14.2.25_@babel+core@7._17224467e37d71c33b25cc4a8fef544f\node_modules\next\dist\compiled\next-server\app-page.runtime.prod.js:12:47572)
    at nN (C:\Users\upris\Downloads\Outreach System\b_9I1OHOMAYQi-1773971072321\node_modules\.pnpm\next@14.2.25_@babel+core@7._17224467e37d71c33b25cc4a8fef544f\node_modules\next\dist\compiled\next-server\app-page.runtime.prod.js:12:64547)
    at nB (C:\Users\upris\Downloads\Outreach System\b_9I1OHOMAYQi-1773971072321\node_modules\.pnpm\next@14.2.25_@babel+core@7._17224467e37d71c33b25cc4a8fef544f\node_modules\next\dist\compiled\next-server\app-page.runtime.prod.js:12:67539)
    at nM (C:\Users\upris\Downloads\Outreach System\b_9I1OHOMAYQi-1773971072321\node_modules\.pnpm\next@14.2.25_@babel+core@7._17224467e37d71c33b25cc4a8fef544f\node_modules\next\dist\compiled\next-server\app-page.runtime.prod.js:12:58561)
    at nN (C:\Users\upris\Downloads\Outreach System\b_9I1OHOMAYQi-1773971072321\node_modules\.pnpm\next@14.2.25_@babel+core@7._17224467e37d71c33b25cc4a8fef544f\node_modules\next\dist\compiled\next-server\app-page.runtime.prod.js:12:64547)
    at nB (C:\Users\upris\Downloads\Outreach System\b_9I1OHOMAYQi-1773971072321\node_modules\.pnpm\next@14.2.25_@babel+core@7._17224467e37d71c33b25cc4a8fef544f\node_modules\next\dist\compiled\next-server\app-page.runtime.prod.js:12:67539)
    at nD (C:\Users\upris\Downloads\Outreach System\b_9I1OHOMAYQi-1773971072321\node_modules\.pnpm\next@14.2.25_@babel+core@7._17224467e37d71c33b25cc4a8fef544f\node_modules\next\dist\compiled\next-server\app-page.runtime.prod.js:12:66681)
    at nN (C:\Users\upris\Downloads\Outreach System\b_9I1OHOMAYQi-1773971072321\node_modules\.pnpm\next@14.2.25_@babel+core@7._17224467e37d71c33b25cc4a8fef544f\node_modules\next\dist\compiled\next-server\app-page.runtime.prod.js:12:64854) {
  digest: '292358425'
}

Error occurred prerendering page "/dashboard/planning". Read more: https://nextjs.org/docs/messages/prerender-error

ReferenceError: status is not defined
    at p (C:\Users\upris\Downloads\Outreach System\b_9I1OHOMAYQi-1773971072321\.next\server\app\dashboard\planning\page.js:1:8785)
    at nj (C:\Users\upris\Downloads\Outreach System\b_9I1OHOMAYQi-1773971072321\node_modules\.pnpm\next@14.2.25_@babel+core@7._17224467e37d71c33b25cc4a8fef544f\node_modules\next\dist\compiled\next-server\app-page.runtime.prod.js:12:46252)
    at nM (C:\Users\upris\Downloads\Outreach System\b_9I1OHOMAYQi-1773971072321\node_modules\.pnpm\next@14.2.25_@babel+core@7._17224467e37d71c33b25cc4a8fef544f\node_modules\next\dist\compiled\next-server\app-page.runtime.prod.js:12:47572)
    at nN (C:\Users\upris\Downloads\Outreach System\b_9I1OHOMAYQi-1773971072321\node_modules\.pnpm\next@14.2.25_@babel+core@7._17224467e37d71c33b25cc4a8fef544f\node_modules\next\dist\compiled\next-server\app-page.runtime.prod.js:12:64547)
    at nB (C:\Users\upris\Downloads\Outreach System\b_9I1OHOMAYQi-1773971072321\node_modules\.pnpm\next@14.2.25_@babel+core@7._17224467e37d71c33b25cc4a8fef544f\node_modules\next\dist\compiled\next-server\app-page.runtime.prod.js:12:67539)
    at nM (C:\Users\upris\Downloads\Outreach System\b_9I1OHOMAYQi-1773971072321\node_modules\.pnpm\next@14.2.25_@babel+core@7._17224467e37d71c33b25cc4a8fef544f\node_modules\next\dist\compiled\next-server\app-page.runtime.prod.js:12:58561)
    at nN (C:\Users\upris\Downloads\Outreach System\b_9I1OHOMAYQi-1773971072321\node_modules\.pnpm\next@14.2.25_@babel+core@7._17224467e37d71c33b25cc4a8fef544f\node_modules\next\dist\compiled\next-server\app-page.runtime.prod.js:12:64547)
    at nB (C:\Users\upris\Downloads\Outreach System\b_9I1OHOMAYQi-1773971072321\node_modules\.pnpm\next@14.2.25_@babel+core@7._17224467e37d71c33b25cc4a8fef544f\node_modules\next\dist\compiled\next-server\app-page.runtime.prod.js:12:67539)
    at nD (C:\Users\upris\Downloads\Outreach System\b_9I1OHOMAYQi-1773971072321\node_modules\.pnpm\next@14.2.25_@babel+core@7._17224467e37d71c33b25cc4a8fef544f\node_modules\next\dist\compiled\next-server\app-page.runtime.prod.js:12:66681)
    at nN (C:\Users\upris\Downloads\Outreach System\b_9I1OHOMAYQi-1773971072321\node_modules\.pnpm\next@14.2.25_@babel+core@7._17224467e37d71c33b25cc4a8fef544f\node_modules\next\dist\compiled\next-server\app-page.runtime.prod.js:12:64854)
 Ô£ô Generating static pages (46/46)

> Export encountered errors on following paths:
	/dashboard/planning/page: /dashboard/planning
	/login/page: /login
ÔÇëELIFECYCLEÔÇë Command failed with exit code 1.
